# JRE version: Java(TM) SE Runtime Environment (12.0.2+10) (build 12.0.2+10)
# Java VM: Java HotSpot(TM) 64-Bit Server VM (12.0.2+10, mixed mode, sharing, tiered, compressed oops, g1 gc, windows-amd64)
Heap:
 garbage-first heap   total 131072K, used 17234K [0x0000000081c00000, 0x0000000100000000)
  region size 1024K, 13 young (13312K), 4 survivors (4096K)
 Metaspace       used 16367K, capacity 16934K, committed 17024K, reserved 1064960K
  class space    used 1973K, capacity 2166K, committed 2176K, reserved 1048576K
GC Heap History (6 events):
Event: 2.236 GC heap before
{Heap before GC invocations=0 (full 0):
 garbage-first heap   total 131072K, used 15360K [0x0000000081c00000, 0x0000000100000000)
  region size 1024K, 14 young (14336K), 0 survivors (0K)
 Metaspace       used 5800K, capacity 6770K, committed 6912K, reserved 1056768K
  class space    used 631K, capacity 703K, committed 768K, reserved 1048576K
}
Event: 2.242 GC heap after
{Heap after GC invocations=1 (full 0):
 garbage-first heap   total 131072K, used 5268K [0x0000000081c00000, 0x0000000100000000)
  region size 1024K, 2 young (2048K), 2 survivors (2048K)
 Metaspace       used 5800K, capacity 6770K, committed 6912K, reserved 1056768K
  class space    used 631K, capacity 703K, committed 768K, reserved 1048576K
}
Event: 2.617 GC heap before
{Heap before GC invocations=1 (full 0):
 garbage-first heap   total 131072K, used 13460K [0x0000000081c00000, 0x0000000100000000)
  region size 1024K, 10 young (10240K), 2 survivors (2048K)
 Metaspace       used 7944K, capacity 8243K, committed 8448K, reserved 1056768K
  class space    used 900K, capacity 962K, committed 1024K, reserved 1048576K
}
Event: 2.625 GC heap after
{Heap after GC invocations=2 (full 0):
 garbage-first heap   total 131072K, used 6274K [0x0000000081c00000, 0x0000000100000000)
  region size 1024K, 1 young (1024K), 1 survivors (1024K)
 Metaspace       used 7944K, capacity 8243K, committed 8448K, reserved 1056768K
  class space    used 900K, capacity 962K, committed 1024K, reserved 1048576K
}
Event: 3.976 GC heap before
{Heap before GC invocations=2 (full 0):
 garbage-first heap   total 131072K, used 31874K [0x0000000081c00000, 0x0000000100000000)
  region size 1024K, 27 young (27648K), 1 survivors (1024K)
 Metaspace       used 14922K, capacity 15472K, committed 15616K, reserved 1062912K
  class space    used 1806K, capacity 1988K, committed 2048K, reserved 1048576K
}
Event: 3.983 GC heap after
{Heap after GC invocations=3 (full 0):
 garbage-first heap   total 131072K, used 9042K [0x0000000081c00000, 0x0000000100000000)
  region size 1024K, 4 young (4096K), 4 survivors (4096K)
 Metaspace       used 14922K, capacity 15472K, committed 15616K, reserved 1062912K
  class space    used 1806K, capacity 1988K, committed 2048K, reserved 1048576K
}

