# JRE version: Java(TM) SE Runtime Environment (12.0.2+10) (build 12.0.2+10)
# Java VM: Java HotSpot(TM) 64-Bit Server VM (12.0.2+10, mixed mode, sharing, tiered, compressed oops, g1 gc, windows-amd64)
Heap:
 garbage-first heap   total 131072K, used 14054K [0x0000000081c00000, 0x0000000100000000)
  region size 1024K, 10 young (10240K), 4 survivors (4096K)
 Metaspace       used 16266K, capacity 16815K, committed 17152K, reserved 1064960K
  class space    used 1985K, capacity 2178K, committed 2304K, reserved 1048576K
GC Heap History (6 events):
Event: 1.309 GC heap before
{Heap before GC invocations=0 (full 0):
 garbage-first heap   total 131072K, used 14336K [0x0000000081c00000, 0x0000000100000000)
  region size 1024K, 14 young (14336K), 0 survivors (0K)
 Metaspace       used 5770K, capacity 6706K, committed 6912K, reserved 1056768K
  class space    used 630K, capacity 703K, committed 768K, reserved 1048576K
}
Event: 1.315 GC heap after
{Heap after GC invocations=1 (full 0):
 garbage-first heap   total 131072K, used 5124K [0x0000000081c00000, 0x0000000100000000)
  region size 1024K, 2 young (2048K), 2 survivors (2048K)
 Metaspace       used 5770K, capacity 6706K, committed 6912K, reserved 1056768K
  class space    used 630K, capacity 703K, committed 768K, reserved 1048576K
}
Event: 1.613 GC heap before
{Heap before GC invocations=1 (full 0):
 garbage-first heap   total 131072K, used 13316K [0x0000000081c00000, 0x0000000100000000)
  region size 1024K, 10 young (10240K), 2 survivors (2048K)
 Metaspace       used 7933K, capacity 8231K, committed 8448K, reserved 1056768K
  class space    used 897K, capacity 958K, committed 1024K, reserved 1048576K
}
Event: 1.618 GC heap after
{Heap after GC invocations=2 (full 0):
 garbage-first heap   total 131072K, used 6211K [0x0000000081c00000, 0x0000000100000000)
  region size 1024K, 1 young (1024K), 1 survivors (1024K)
 Metaspace       used 7933K, capacity 8231K, committed 8448K, reserved 1056768K
  class space    used 897K, capacity 958K, committed 1024K, reserved 1048576K
}
Event: 3.079 GC heap before
{Heap before GC invocations=2 (full 0):
 garbage-first heap   total 131072K, used 31811K [0x0000000081c00000, 0x0000000100000000)
  region size 1024K, 27 young (27648K), 1 survivors (1024K)
 Metaspace       used 15272K, capacity 15748K, committed 15872K, reserved 1062912K
  class space    used 1844K, capacity 2016K, committed 2048K, reserved 1048576K
}
Event: 3.084 GC heap after
{Heap after GC invocations=3 (full 0):
 garbage-first heap   total 131072K, used 8934K [0x0000000081c00000, 0x0000000100000000)
  region size 1024K, 4 young (4096K), 4 survivors (4096K)
 Metaspace       used 15272K, capacity 15748K, committed 15872K, reserved 1062912K
  class space    used 1844K, capacity 2016K, committed 2048K, reserved 1048576K
}

